<?xml version="1.0" encoding="UTF-8"?>
<!-- Generated by org.testng.reporters.JUnitXMLReporter -->
<testsuite ignored="0" hostname="DESKTOP-2PSCSJ2" failures="0" tests="9" name="Default test" time="32.351" errors="0" timestamp="2024-06-28T04:53:24 AST">
  <testcase classname="com.stctvsubscription.testcases.SubscriptionTest" name="verifyStcTVSubscriptionTypesforKSA" time="2.485"/>
  <testcase classname="com.stctvsubscription.testcases.SubscriptionTest" name="verifyStcTVSubscriptionTypesforKSA" time="2.561"/>
  <testcase classname="com.stctvsubscription.testcases.SubscriptionTest" name="verifyStcTVSubscriptionTypesforKSA" time="2.04"/>
  <testcase classname="com.stctvsubscription.testcases.SubscriptionTest" name="verifyStcTVSubscriptionTypesforBahrain" time="3.632"/>
  <testcase classname="com.stctvsubscription.testcases.SubscriptionTest" name="verifyStcTVSubscriptionTypesforBahrain" time="2.029"/>
  <testcase classname="com.stctvsubscription.testcases.SubscriptionTest" name="verifyStcTVSubscriptionTypesforBahrain" time="2.031"/>
  <testcase classname="com.stctvsubscription.testcases.SubscriptionTest" name="verifyStcTVSubscriptionTypesforKuwait" time="3.76"/>
  <testcase classname="com.stctvsubscription.testcases.SubscriptionTest" name="verifyStcTVSubscriptionTypesforKuwait" time="1.989"/>
  <testcase classname="com.stctvsubscription.testcases.SubscriptionTest" name="verifyStcTVSubscriptionTypesforKuwait" time="2.063"/>
</testsuite> <!-- Default test -->
