<?xml version="1.0" encoding="UTF-8"?>
<testng-results ignored="0" total="9" passed="9" failed="0" skipped="0">
  <reporter-output>
    <line>
      <![CDATA[Changing country to Saudi Arabia from header]]>
    </line>
    <line>
      <![CDATA[Assert on Subscription Page]]>
    </line>
    <line>
      <![CDATA[Assert country<b> KSA</b> has currency code<b>: SAR</b> and currency name<b>: Saudi Riyal</b>]]>
    </line>
    <line>
      <![CDATA[Assert Subscription Type<b>: LITE</b> and Subcription Price<b>: 15 SAR/month</b> matches testdata]]>
    </line>
    <line>
      <![CDATA[Changing country to Saudi Arabia from header]]>
    </line>
    <line>
      <![CDATA[Assert on Subscription Page]]>
    </line>
    <line>
      <![CDATA[Assert country<b> KSA</b> has currency code<b>: SAR</b> and currency name<b>: Saudi Riyal</b>]]>
    </line>
    <line>
      <![CDATA[Assert Subscription Type<b>: CLASSIC</b> and Subcription Price<b>: 25 SAR/month</b> matches testdata]]>
    </line>
    <line>
      <![CDATA[Changing country to Saudi Arabia from header]]>
    </line>
    <line>
      <![CDATA[Assert on Subscription Page]]>
    </line>
    <line>
      <![CDATA[Assert country<b> KSA</b> has currency code<b>: SAR</b> and currency name<b>: Saudi Riyal</b>]]>
    </line>
    <line>
      <![CDATA[Assert Subscription Type<b>: PREMIUM</b> and Subcription Price<b>: 60 SAR/month</b> matches testdata]]>
    </line>
    <line>
      <![CDATA[Changing country to Bahrain from header]]>
    </line>
    <line>
      <![CDATA[Assert on Subscription Page]]>
    </line>
    <line>
      <![CDATA[Assert country<b> Bahrain</b> has currency code<b>: BHD</b> and currency name<b>: Bahraini Dinar</b>]]>
    </line>
    <line>
      <![CDATA[Assert Subscription Type<b>: LITE</b> and Subcription Price<b>: 2 BHD/month</b> matches testdata]]>
    </line>
    <line>
      <![CDATA[Changing country to Bahrain from header]]>
    </line>
    <line>
      <![CDATA[Assert on Subscription Page]]>
    </line>
    <line>
      <![CDATA[Assert country<b> Bahrain</b> has currency code<b>: BHD</b> and currency name<b>: Bahraini Dinar</b>]]>
    </line>
    <line>
      <![CDATA[Assert Subscription Type<b>: CLASSIC</b> and Subcription Price<b>: 3 BHD/month</b> matches testdata]]>
    </line>
    <line>
      <![CDATA[Changing country to Bahrain from header]]>
    </line>
    <line>
      <![CDATA[Assert on Subscription Page]]>
    </line>
    <line>
      <![CDATA[Assert country<b> Bahrain</b> has currency code<b>: BHD</b> and currency name<b>: Bahraini Dinar</b>]]>
    </line>
    <line>
      <![CDATA[Assert Subscription Type<b>: PREMIUM</b> and Subcription Price<b>: 6 BHD/month</b> matches testdata]]>
    </line>
    <line>
      <![CDATA[Changing country to Kuwait from header]]>
    </line>
    <line>
      <![CDATA[Assert on Subscription Page]]>
    </line>
    <line>
      <![CDATA[Assert country<b> Kuwait</b> has currency code<b>: KWD</b> and currency name<b>: Kuwaiti Dinar</b>]]>
    </line>
    <line>
      <![CDATA[Assert Subscription Type<b>: LITE</b> and Subcription Price<b>: 1.2 KWD/month</b> matches testdata]]>
    </line>
    <line>
      <![CDATA[Changing country to Kuwait from header]]>
    </line>
    <line>
      <![CDATA[Assert on Subscription Page]]>
    </line>
    <line>
      <![CDATA[Assert country<b> Kuwait</b> has currency code<b>: KWD</b> and currency name<b>: Kuwaiti Dinar</b>]]>
    </line>
    <line>
      <![CDATA[Assert Subscription Type<b>: CLASSIC</b> and Subcription Price<b>: 2.5 KWD/month</b> matches testdata]]>
    </line>
    <line>
      <![CDATA[Changing country to Kuwait from header]]>
    </line>
    <line>
      <![CDATA[Assert on Subscription Page]]>
    </line>
    <line>
      <![CDATA[Assert country<b> Kuwait</b> has currency code<b>: KWD</b> and currency name<b>: Kuwaiti Dinar</b>]]>
    </line>
    <line>
      <![CDATA[Assert Subscription Type<b>: PREMIUM</b> and Subcription Price<b>: 4.8 KWD/month</b> matches testdata]]>
    </line>
  </reporter-output>
  <suite started-at="2024-06-28T04:52:52 AST" name="Default suite" finished-at="2024-06-28T04:53:24 AST" duration-ms="32351">
    <groups>
    </groups>
    <test started-at="2024-06-28T04:52:52 AST" name="Default test" finished-at="2024-06-28T04:53:24 AST" duration-ms="32351">
      <class name="com.stctvsubscription.testcases.SubscriptionTest">
        <test-method is-config="true" signature="loadConfigPropertiesFile()[pri:0, instance:com.stctvsubscription.testcases.SubscriptionTest@130d63be]" started-at="2024-06-28T04:52:52 AST" name="loadConfigPropertiesFile" finished-at="2024-06-28T04:52:52 AST" duration-ms="8" status="PASS">
          <reporter-output>
          </reporter-output>
        </test-method> <!-- loadConfigPropertiesFile -->
        <test-method is-config="true" signature="openSTCWebApplication()[pri:0, instance:com.stctvsubscription.testcases.SubscriptionTest@130d63be]" started-at="2024-06-28T04:52:52 AST" name="openSTCWebApplication" finished-at="2024-06-28T04:53:00 AST" depends-on-methods="com.stctvsubscription.baseClass.BaseClass.loadConfigPropertiesFile" duration-ms="8002" status="PASS">
          <reporter-output>
          </reporter-output>
        </test-method> <!-- openSTCWebApplication -->
        <test-method signature="verifyStcTVSubscriptionTypesforKSA(java.lang.String,java.lang.String)[pri:1, instance:com.stctvsubscription.testcases.SubscriptionTest@130d63be]" started-at="2024-06-28T04:53:01 AST" name="verifyStcTVSubscriptionTypesforKSA" data-provider="ksaSubscriptionTypeTestData" finished-at="2024-06-28T04:53:03 AST" duration-ms="2485" status="PASS">
          <params>
            <param index="0">
              <value>
                <![CDATA[LITE]]>
              </value>
            </param>
            <param index="1">
              <value>
                <![CDATA[15 SAR/month]]>
              </value>
            </param>
          </params>
          <reporter-output>
            <line>
              <![CDATA[Changing country to Saudi Arabia from header]]>
            </line>
            <line>
              <![CDATA[Assert on Subscription Page]]>
            </line>
            <line>
              <![CDATA[Assert country<b> KSA</b> has currency code<b>: SAR</b> and currency name<b>: Saudi Riyal</b>]]>
            </line>
            <line>
              <![CDATA[Assert Subscription Type<b>: LITE</b> and Subcription Price<b>: 15 SAR/month</b> matches testdata]]>
            </line>
          </reporter-output>
        </test-method> <!-- verifyStcTVSubscriptionTypesforKSA -->
        <test-method signature="verifyStcTVSubscriptionTypesforKSA(java.lang.String,java.lang.String)[pri:1, instance:com.stctvsubscription.testcases.SubscriptionTest@130d63be]" started-at="2024-06-28T04:53:03 AST" name="verifyStcTVSubscriptionTypesforKSA" data-provider="ksaSubscriptionTypeTestData" finished-at="2024-06-28T04:53:06 AST" duration-ms="2561" status="PASS">
          <params>
            <param index="0">
              <value>
                <![CDATA[CLASSIC]]>
              </value>
            </param>
            <param index="1">
              <value>
                <![CDATA[25 SAR/month]]>
              </value>
            </param>
          </params>
          <reporter-output>
            <line>
              <![CDATA[Changing country to Saudi Arabia from header]]>
            </line>
            <line>
              <![CDATA[Assert on Subscription Page]]>
            </line>
            <line>
              <![CDATA[Assert country<b> KSA</b> has currency code<b>: SAR</b> and currency name<b>: Saudi Riyal</b>]]>
            </line>
            <line>
              <![CDATA[Assert Subscription Type<b>: CLASSIC</b> and Subcription Price<b>: 25 SAR/month</b> matches testdata]]>
            </line>
          </reporter-output>
        </test-method> <!-- verifyStcTVSubscriptionTypesforKSA -->
        <test-method signature="verifyStcTVSubscriptionTypesforKSA(java.lang.String,java.lang.String)[pri:1, instance:com.stctvsubscription.testcases.SubscriptionTest@130d63be]" started-at="2024-06-28T04:53:06 AST" name="verifyStcTVSubscriptionTypesforKSA" data-provider="ksaSubscriptionTypeTestData" finished-at="2024-06-28T04:53:08 AST" duration-ms="2040" status="PASS">
          <params>
            <param index="0">
              <value>
                <![CDATA[PREMIUM]]>
              </value>
            </param>
            <param index="1">
              <value>
                <![CDATA[60 SAR/month]]>
              </value>
            </param>
          </params>
          <reporter-output>
            <line>
              <![CDATA[Changing country to Saudi Arabia from header]]>
            </line>
            <line>
              <![CDATA[Assert on Subscription Page]]>
            </line>
            <line>
              <![CDATA[Assert country<b> KSA</b> has currency code<b>: SAR</b> and currency name<b>: Saudi Riyal</b>]]>
            </line>
            <line>
              <![CDATA[Assert Subscription Type<b>: PREMIUM</b> and Subcription Price<b>: 60 SAR/month</b> matches testdata]]>
            </line>
          </reporter-output>
        </test-method> <!-- verifyStcTVSubscriptionTypesforKSA -->
        <test-method signature="verifyStcTVSubscriptionTypesforBahrain(java.lang.String,java.lang.String)[pri:2, instance:com.stctvsubscription.testcases.SubscriptionTest@130d63be]" started-at="2024-06-28T04:53:08 AST" name="verifyStcTVSubscriptionTypesforBahrain" data-provider="bahrainSubscriptionTypeTestData" finished-at="2024-06-28T04:53:12 AST" duration-ms="3632" status="PASS">
          <params>
            <param index="0">
              <value>
                <![CDATA[LITE]]>
              </value>
            </param>
            <param index="1">
              <value>
                <![CDATA[2 BHD/month]]>
              </value>
            </param>
          </params>
          <reporter-output>
            <line>
              <![CDATA[Changing country to Bahrain from header]]>
            </line>
            <line>
              <![CDATA[Assert on Subscription Page]]>
            </line>
            <line>
              <![CDATA[Assert country<b> Bahrain</b> has currency code<b>: BHD</b> and currency name<b>: Bahraini Dinar</b>]]>
            </line>
            <line>
              <![CDATA[Assert Subscription Type<b>: LITE</b> and Subcription Price<b>: 2 BHD/month</b> matches testdata]]>
            </line>
          </reporter-output>
        </test-method> <!-- verifyStcTVSubscriptionTypesforBahrain -->
        <test-method signature="verifyStcTVSubscriptionTypesforBahrain(java.lang.String,java.lang.String)[pri:2, instance:com.stctvsubscription.testcases.SubscriptionTest@130d63be]" started-at="2024-06-28T04:53:12 AST" name="verifyStcTVSubscriptionTypesforBahrain" data-provider="bahrainSubscriptionTypeTestData" finished-at="2024-06-28T04:53:14 AST" duration-ms="2029" status="PASS">
          <params>
            <param index="0">
              <value>
                <![CDATA[CLASSIC]]>
              </value>
            </param>
            <param index="1">
              <value>
                <![CDATA[3 BHD/month]]>
              </value>
            </param>
          </params>
          <reporter-output>
            <line>
              <![CDATA[Changing country to Bahrain from header]]>
            </line>
            <line>
              <![CDATA[Assert on Subscription Page]]>
            </line>
            <line>
              <![CDATA[Assert country<b> Bahrain</b> has currency code<b>: BHD</b> and currency name<b>: Bahraini Dinar</b>]]>
            </line>
            <line>
              <![CDATA[Assert Subscription Type<b>: CLASSIC</b> and Subcription Price<b>: 3 BHD/month</b> matches testdata]]>
            </line>
          </reporter-output>
        </test-method> <!-- verifyStcTVSubscriptionTypesforBahrain -->
        <test-method signature="verifyStcTVSubscriptionTypesforBahrain(java.lang.String,java.lang.String)[pri:2, instance:com.stctvsubscription.testcases.SubscriptionTest@130d63be]" started-at="2024-06-28T04:53:14 AST" name="verifyStcTVSubscriptionTypesforBahrain" data-provider="bahrainSubscriptionTypeTestData" finished-at="2024-06-28T04:53:16 AST" duration-ms="2031" status="PASS">
          <params>
            <param index="0">
              <value>
                <![CDATA[PREMIUM]]>
              </value>
            </param>
            <param index="1">
              <value>
                <![CDATA[6 BHD/month]]>
              </value>
            </param>
          </params>
          <reporter-output>
            <line>
              <![CDATA[Changing country to Bahrain from header]]>
            </line>
            <line>
              <![CDATA[Assert on Subscription Page]]>
            </line>
            <line>
              <![CDATA[Assert country<b> Bahrain</b> has currency code<b>: BHD</b> and currency name<b>: Bahraini Dinar</b>]]>
            </line>
            <line>
              <![CDATA[Assert Subscription Type<b>: PREMIUM</b> and Subcription Price<b>: 6 BHD/month</b> matches testdata]]>
            </line>
          </reporter-output>
        </test-method> <!-- verifyStcTVSubscriptionTypesforBahrain -->
        <test-method signature="verifyStcTVSubscriptionTypesforKuwait(java.lang.String,java.lang.String)[pri:3, instance:com.stctvsubscription.testcases.SubscriptionTest@130d63be]" started-at="2024-06-28T04:53:16 AST" name="verifyStcTVSubscriptionTypesforKuwait" data-provider="kuwaitSubscriptionTypeTestData" finished-at="2024-06-28T04:53:20 AST" duration-ms="3760" status="PASS">
          <params>
            <param index="0">
              <value>
                <![CDATA[LITE]]>
              </value>
            </param>
            <param index="1">
              <value>
                <![CDATA[1.2 KWD/month]]>
              </value>
            </param>
          </params>
          <reporter-output>
            <line>
              <![CDATA[Changing country to Kuwait from header]]>
            </line>
            <line>
              <![CDATA[Assert on Subscription Page]]>
            </line>
            <line>
              <![CDATA[Assert country<b> Kuwait</b> has currency code<b>: KWD</b> and currency name<b>: Kuwaiti Dinar</b>]]>
            </line>
            <line>
              <![CDATA[Assert Subscription Type<b>: LITE</b> and Subcription Price<b>: 1.2 KWD/month</b> matches testdata]]>
            </line>
          </reporter-output>
        </test-method> <!-- verifyStcTVSubscriptionTypesforKuwait -->
        <test-method signature="verifyStcTVSubscriptionTypesforKuwait(java.lang.String,java.lang.String)[pri:3, instance:com.stctvsubscription.testcases.SubscriptionTest@130d63be]" started-at="2024-06-28T04:53:20 AST" name="verifyStcTVSubscriptionTypesforKuwait" data-provider="kuwaitSubscriptionTypeTestData" finished-at="2024-06-28T04:53:22 AST" duration-ms="1989" status="PASS">
          <params>
            <param index="0">
              <value>
                <![CDATA[CLASSIC]]>
              </value>
            </param>
            <param index="1">
              <value>
                <![CDATA[2.5 KWD/month]]>
              </value>
            </param>
          </params>
          <reporter-output>
            <line>
              <![CDATA[Changing country to Kuwait from header]]>
            </line>
            <line>
              <![CDATA[Assert on Subscription Page]]>
            </line>
            <line>
              <![CDATA[Assert country<b> Kuwait</b> has currency code<b>: KWD</b> and currency name<b>: Kuwaiti Dinar</b>]]>
            </line>
            <line>
              <![CDATA[Assert Subscription Type<b>: CLASSIC</b> and Subcription Price<b>: 2.5 KWD/month</b> matches testdata]]>
            </line>
          </reporter-output>
        </test-method> <!-- verifyStcTVSubscriptionTypesforKuwait -->
        <test-method signature="verifyStcTVSubscriptionTypesforKuwait(java.lang.String,java.lang.String)[pri:3, instance:com.stctvsubscription.testcases.SubscriptionTest@130d63be]" started-at="2024-06-28T04:53:22 AST" name="verifyStcTVSubscriptionTypesforKuwait" data-provider="kuwaitSubscriptionTypeTestData" finished-at="2024-06-28T04:53:24 AST" duration-ms="2063" status="PASS">
          <params>
            <param index="0">
              <value>
                <![CDATA[PREMIUM]]>
              </value>
            </param>
            <param index="1">
              <value>
                <![CDATA[4.8 KWD/month]]>
              </value>
            </param>
          </params>
          <reporter-output>
            <line>
              <![CDATA[Changing country to Kuwait from header]]>
            </line>
            <line>
              <![CDATA[Assert on Subscription Page]]>
            </line>
            <line>
              <![CDATA[Assert country<b> Kuwait</b> has currency code<b>: KWD</b> and currency name<b>: Kuwaiti Dinar</b>]]>
            </line>
            <line>
              <![CDATA[Assert Subscription Type<b>: PREMIUM</b> and Subcription Price<b>: 4.8 KWD/month</b> matches testdata]]>
            </line>
          </reporter-output>
        </test-method> <!-- verifyStcTVSubscriptionTypesforKuwait -->
        <test-method is-config="true" signature="tearDown()[pri:0, instance:com.stctvsubscription.testcases.SubscriptionTest@130d63be]" started-at="2024-06-28T04:53:24 AST" name="tearDown" finished-at="2024-06-28T04:53:24 AST" duration-ms="716" status="PASS">
          <reporter-output>
          </reporter-output>
        </test-method> <!-- tearDown -->
      </class> <!-- com.stctvsubscription.testcases.SubscriptionTest -->
    </test> <!-- Default test -->
  </suite> <!-- Default suite -->
</testng-results>
